  Cerrajero.cpp
C:\Users\nicol\OneDrive\Escritorio\Facultad Nico 2do Año\LABORATORIO PROGRAM I\TP2 FERRETERIA NUEVO\Solucion-TP-FERRETERIA\Clases\Cerrajero.cpp(7,242): warning C4244: 'argumento': conversión de 'time_t' a 'unsigned int'; posible pérdida de datos
  Cliente.cpp
  Despachante.cpp
C:\Users\nicol\OneDrive\Escritorio\Facultad Nico 2do Año\LABORATORIO PROGRAM I\TP2 FERRETERIA NUEVO\Solucion-TP-FERRETERIA\Clases\Despachante.cpp(7,252): warning C4244: 'argumento': conversión de 'time_t' a 'unsigned int'; posible pérdida de datos
  Duenio.cpp
C:\Users\nicol\OneDrive\Escritorio\Facultad Nico 2do Año\LABORATORIO PROGRAM I\TP2 FERRETERIA NUEVO\Solucion-TP-FERRETERIA\Clases\Duenio.cpp(94,15): warning C4244: 'argumento': conversión de 'time_t' a 'unsigned int'; posible pérdida de datos
C:\Users\nicol\OneDrive\Escritorio\Facultad Nico 2do Año\LABORATORIO PROGRAM I\TP2 FERRETERIA NUEVO\Solucion-TP-FERRETERIA\Clases\Duenio.cpp(186,35): warning C4553: "==": el resultado de la expresión no se usa. ¿Quiso decir "="?
C:\Users\nicol\OneDrive\Escritorio\Facultad Nico 2do Año\LABORATORIO PROGRAM I\TP2 FERRETERIA NUEVO\Solucion-TP-FERRETERIA\Clases\Duenio.cpp(191,33): warning C4553: "==": el resultado de la expresión no se usa. ¿Quiso decir "="?
C:\Users\nicol\OneDrive\Escritorio\Facultad Nico 2do Año\LABORATORIO PROGRAM I\TP2 FERRETERIA NUEVO\Solucion-TP-FERRETERIA\Clases\Duenio.cpp(196,44): warning C4553: "==": el resultado de la expresión no se usa. ¿Quiso decir "="?
C:\Users\nicol\OneDrive\Escritorio\Facultad Nico 2do Año\LABORATORIO PROGRAM I\TP2 FERRETERIA NUEVO\Solucion-TP-FERRETERIA\Clases\Duenio.cpp(201,31): warning C4553: "==": el resultado de la expresión no se usa. ¿Quiso decir "="?
C:\Users\nicol\OneDrive\Escritorio\Facultad Nico 2do Año\LABORATORIO PROGRAM I\TP2 FERRETERIA NUEVO\Solucion-TP-FERRETERIA\Clases\Duenio.cpp(242,32): warning C4553: "==": el resultado de la expresión no se usa. ¿Quiso decir "="?
C:\Users\nicol\OneDrive\Escritorio\Facultad Nico 2do Año\LABORATORIO PROGRAM I\TP2 FERRETERIA NUEVO\Solucion-TP-FERRETERIA\Clases\Duenio.cpp(247,32): warning C4553: "==": el resultado de la expresión no se usa. ¿Quiso decir "="?
C:\Users\nicol\OneDrive\Escritorio\Facultad Nico 2do Año\LABORATORIO PROGRAM I\TP2 FERRETERIA NUEVO\Solucion-TP-FERRETERIA\Clases\Duenio.cpp(252,34): warning C4553: "==": el resultado de la expresión no se usa. ¿Quiso decir "="?
C:\Users\nicol\OneDrive\Escritorio\Facultad Nico 2do Año\LABORATORIO PROGRAM I\TP2 FERRETERIA NUEVO\Solucion-TP-FERRETERIA\Clases\Duenio.cpp(289,35): warning C4553: "==": el resultado de la expresión no se usa. ¿Quiso decir "="?
C:\Users\nicol\OneDrive\Escritorio\Facultad Nico 2do Año\LABORATORIO PROGRAM I\TP2 FERRETERIA NUEVO\Solucion-TP-FERRETERIA\Clases\Duenio.cpp(294,29): warning C4553: "==": el resultado de la expresión no se usa. ¿Quiso decir "="?
C:\Users\nicol\OneDrive\Escritorio\Facultad Nico 2do Año\LABORATORIO PROGRAM I\TP2 FERRETERIA NUEVO\Solucion-TP-FERRETERIA\Clases\Duenio.cpp(299,31): warning C4553: "==": el resultado de la expresión no se usa. ¿Quiso decir "="?
C:\Users\nicol\OneDrive\Escritorio\Facultad Nico 2do Año\LABORATORIO PROGRAM I\TP2 FERRETERIA NUEVO\Solucion-TP-FERRETERIA\Clases\Duenio.cpp(304,34): warning C4553: "==": el resultado de la expresión no se usa. ¿Quiso decir "="?
C:\Users\nicol\OneDrive\Escritorio\Facultad Nico 2do Año\LABORATORIO PROGRAM I\TP2 FERRETERIA NUEVO\Solucion-TP-FERRETERIA\Clases\Duenio.cpp(338,30): warning C4553: "==": el resultado de la expresión no se usa. ¿Quiso decir "="?
C:\Users\nicol\OneDrive\Escritorio\Facultad Nico 2do Año\LABORATORIO PROGRAM I\TP2 FERRETERIA NUEVO\Solucion-TP-FERRETERIA\Clases\Duenio.cpp(343,28): warning C4553: "==": el resultado de la expresión no se usa. ¿Quiso decir "="?
C:\Users\nicol\OneDrive\Escritorio\Facultad Nico 2do Año\LABORATORIO PROGRAM I\TP2 FERRETERIA NUEVO\Solucion-TP-FERRETERIA\Clases\Duenio.cpp(379,35): warning C4553: "==": el resultado de la expresión no se usa. ¿Quiso decir "="?
C:\Users\nicol\OneDrive\Escritorio\Facultad Nico 2do Año\LABORATORIO PROGRAM I\TP2 FERRETERIA NUEVO\Solucion-TP-FERRETERIA\Clases\Duenio.cpp(384,36): warning C4553: "==": el resultado de la expresión no se usa. ¿Quiso decir "="?
C:\Users\nicol\OneDrive\Escritorio\Facultad Nico 2do Año\LABORATORIO PROGRAM I\TP2 FERRETERIA NUEVO\Solucion-TP-FERRETERIA\Clases\Duenio.cpp(389,39): warning C4553: "==": el resultado de la expresión no se usa. ¿Quiso decir "="?
C:\Users\nicol\OneDrive\Escritorio\Facultad Nico 2do Año\LABORATORIO PROGRAM I\TP2 FERRETERIA NUEVO\Solucion-TP-FERRETERIA\Clases\Duenio.cpp(424,40): warning C4553: "==": el resultado de la expresión no se usa. ¿Quiso decir "="?
C:\Users\nicol\OneDrive\Escritorio\Facultad Nico 2do Año\LABORATORIO PROGRAM I\TP2 FERRETERIA NUEVO\Solucion-TP-FERRETERIA\Clases\Duenio.cpp(429,34): warning C4553: "==": el resultado de la expresión no se usa. ¿Quiso decir "="?
  Ferreteria.cpp
  HerramientasAlquiler.cpp
  Main.cpp
C:\Users\nicol\OneDrive\Escritorio\Facultad Nico 2do Año\LABORATORIO PROGRAM I\TP2 FERRETERIA NUEVO\Solucion-TP-FERRETERIA\Clases\Main.cpp(24,122): warning C4305: 'argumento': truncamiento de 'double' a 'float'
C:\Users\nicol\OneDrive\Escritorio\Facultad Nico 2do Año\LABORATORIO PROGRAM I\TP2 FERRETERIA NUEVO\Solucion-TP-FERRETERIA\Clases\Main.cpp(35,66): warning C4305: 'argumento': truncamiento de 'double' a 'float'
C:\Users\nicol\OneDrive\Escritorio\Facultad Nico 2do Año\LABORATORIO PROGRAM I\TP2 FERRETERIA NUEVO\Solucion-TP-FERRETERIA\Clases\Main.cpp(36,70): warning C4305: 'argumento': truncamiento de 'double' a 'float'
C:\Users\nicol\OneDrive\Escritorio\Facultad Nico 2do Año\LABORATORIO PROGRAM I\TP2 FERRETERIA NUEVO\Solucion-TP-FERRETERIA\Clases\Main.cpp(37,67): warning C4305: 'argumento': truncamiento de 'double' a 'float'
C:\Users\nicol\OneDrive\Escritorio\Facultad Nico 2do Año\LABORATORIO PROGRAM I\TP2 FERRETERIA NUEVO\Solucion-TP-FERRETERIA\Clases\Main.cpp(53,71): warning C4305: 'argumento': truncamiento de 'double' a 'float'
C:\Users\nicol\OneDrive\Escritorio\Facultad Nico 2do Año\LABORATORIO PROGRAM I\TP2 FERRETERIA NUEVO\Solucion-TP-FERRETERIA\Clases\Main.cpp(55,98): warning C4305: 'argumento': truncamiento de 'double' a 'float'
C:\Users\nicol\OneDrive\Escritorio\Facultad Nico 2do Año\LABORATORIO PROGRAM I\TP2 FERRETERIA NUEVO\Solucion-TP-FERRETERIA\Clases\Main.cpp(149,15): warning C4101: 'stock': variable local sin referencia
  Generando código...
C:\Users\nicol\OneDrive\Escritorio\Facultad Nico 2do Año\LABORATORIO PROGRAM I\TP2 FERRETERIA NUEVO\Solucion-TP-FERRETERIA\Clases\Ferreteria.cpp(77): warning C4715: 'Ferreteria::abrir': no todas las rutas de acceso de control devuelven un valor
C:\Users\nicol\OneDrive\Escritorio\Facultad Nico 2do Año\LABORATORIO PROGRAM I\TP2 FERRETERIA NUEVO\Solucion-TP-FERRETERIA\Clases\Duenio.cpp(90): warning C4715: 'Duenio::CambioArticulo': no todas las rutas de acceso de control devuelven un valor
  TP-FERRETERIA.vcxproj -> C:\Users\nicol\OneDrive\Escritorio\Facultad Nico 2do Año\LABORATORIO PROGRAM I\TP2 FERRETERIA NUEVO\Solucion-TP-FERRETERIA\x64\Debug\TP-FERRETERIA.exe
